[0810/003552.833:ERROR:component_installer.cc(298)] Failed to verify installation for Widevine Content Decryption Module (C:\Users\23664\AppData\Local\CEF\User Data\WidevineCdm\4.10.2710.0).: œµÕ≥’“≤ªµΩ÷∏∂®µƒ¬∑æ∂°£ (0x3)
[0810/003553.808:INFO:CONSOLE(21172)] "THREE.WebGLRenderer 92", source: file:///C:/Program%20Files/AnyLogic%208.9%20Personal%20Learning%20Edition/plugins/com.anylogic.graphics3d_8.9.0.202404161236/static/build/three.js (21172)
[0810/003554.588:INFO:CONSOLE(3660)] "THREE.ColladaLoader: File version 1.4.0", source: file:///C:/Program%20Files/AnyLogic%208.9%20Personal%20Learning%20Edition/plugins/com.anylogic.graphics3d_8.9.0.202404161236/static/libs/ColladaLoader.js (3660)
[0810/003554.597:INFO:CONSOLE(255)] "Loaded: file:C:/Users/23664/Documents/XiaoMiNet/Upupoo/Docker/config/Êñá‰ª∂Â§π/Â≠¶‰π†ËµÑÊñô/‰Ωú‰∏ö/ÁÆ°ÁêÜÂª∫Ê®°‰∏é‰ªøÁúü/homework1/Bank Modified/3d/atm.dae", source: file:///C:/Program%20Files/AnyLogic%208.9%20Personal%20Learning%20Edition/plugins/com.anylogic.graphics3d_8.9.0.202404161236/static/init.js (255)
[0810/003554.597:INFO:CONSOLE(271)] "load end: file:C:/Users/23664/Documents/XiaoMiNet/Upupoo/Docker/config/Êñá‰ª∂Â§π/Â≠¶‰π†ËµÑÊñô/‰Ωú‰∏ö/ÁÆ°ÁêÜÂª∫Ê®°‰∏é‰ªøÁúü/homework1/Bank Modified/3d/atm.dae", source: file:///C:/Program%20Files/AnyLogic%208.9%20Personal%20Learning%20Edition/plugins/com.anylogic.graphics3d_8.9.0.202404161236/static/init.js (271)
[0810/003554.676:INFO:CONSOLE(3660)] "THREE.ColladaLoader: File version 1.4.0", source: file:///C:/Program%20Files/AnyLogic%208.9%20Personal%20Learning%20Edition/plugins/com.anylogic.graphics3d_8.9.0.202404161236/static/libs/ColladaLoader.js (3660)
[0810/003554.685:INFO:CONSOLE(255)] "Loaded: file:C:/Users/23664/Documents/XiaoMiNet/Upupoo/Docker/config/Êñá‰ª∂Â§π/Â≠¶‰π†ËµÑÊñô/‰Ωú‰∏ö/ÁÆ°ÁêÜÂª∫Ê®°‰∏é‰ªøÁúü/homework1/Bank Modified/3d/table.dae", source: file:///C:/Program%20Files/AnyLogic%208.9%20Personal%20Learning%20Edition/plugins/com.anylogic.graphics3d_8.9.0.202404161236/static/init.js (255)
[0810/003554.685:INFO:CONSOLE(271)] "load end: file:C:/Users/23664/Documents/XiaoMiNet/Upupoo/Docker/config/Êñá‰ª∂Â§π/Â≠¶‰π†ËµÑÊñô/‰Ωú‰∏ö/ÁÆ°ÁêÜÂª∫Ê®°‰∏é‰ªøÁúü/homework1/Bank Modified/3d/table.dae", source: file:///C:/Program%20Files/AnyLogic%208.9%20Personal%20Learning%20Edition/plugins/com.anylogic.graphics3d_8.9.0.202404161236/static/init.js (271)
[0810/003704.883:INFO:CONSOLE(3660)] "THREE.ColladaLoader: File version 1.4.0", source: file:///C:/Program%20Files/AnyLogic%208.9%20Personal%20Learning%20Edition/plugins/com.anylogic.graphics3d_8.9.0.202404161236/static/libs/ColladaLoader.js (3660)
[0810/003704.888:INFO:CONSOLE(255)] "Loaded: file:C:/Users/23664/Documents/XiaoMiNet/Upupoo/Docker/config/Êñá‰ª∂Â§π/Â≠¶‰π†ËµÑÊñô/‰Ωú‰∏ö/ÁÆ°ÁêÜÂª∫Ê®°‰∏é‰ªøÁúü/homework1/Bank Modified/3d/officeworker.dae", source: file:///C:/Program%20Files/AnyLogic%208.9%20Personal%20Learning%20Edition/plugins/com.anylogic.graphics3d_8.9.0.202404161236/static/init.js (255)
[0810/003704.888:INFO:CONSOLE(271)] "load end: file:C:/Users/23664/Documents/XiaoMiNet/Upupoo/Docker/config/Êñá‰ª∂Â§π/Â≠¶‰π†ËµÑÊñô/‰Ωú‰∏ö/ÁÆ°ÁêÜÂª∫Ê®°‰∏é‰ªøÁúü/homework1/Bank Modified/3d/officeworker.dae", source: file:///C:/Program%20Files/AnyLogic%208.9%20Personal%20Learning%20Edition/plugins/com.anylogic.graphics3d_8.9.0.202404161236/static/init.js (271)
[0810/003708.296:INFO:CONSOLE(3660)] "THREE.ColladaLoader: File version 1.4.0", source: file:///C:/Program%20Files/AnyLogic%208.9%20Personal%20Learning%20Edition/plugins/com.anylogic.graphics3d_8.9.0.202404161236/static/libs/ColladaLoader.js (3660)
[0810/003708.302:INFO:CONSOLE(255)] "Loaded: file:C:/Users/23664/Documents/XiaoMiNet/Upupoo/Docker/config/Êñá‰ª∂Â§π/Â≠¶‰π†ËµÑÊñô/‰Ωú‰∏ö/ÁÆ°ÁêÜÂª∫Ê®°‰∏é‰ªøÁúü/homework1/Bank Modified/3d/person.dae", source: file:///C:/Program%20Files/AnyLogic%208.9%20Personal%20Learning%20Edition/plugins/com.anylogic.graphics3d_8.9.0.202404161236/static/init.js (255)
[0810/003708.302:INFO:CONSOLE(271)] "load end: file:C:/Users/23664/Documents/XiaoMiNet/Upupoo/Docker/config/Êñá‰ª∂Â§π/Â≠¶‰π†ËµÑÊñô/‰Ωú‰∏ö/ÁÆ°ÁêÜÂª∫Ê®°‰∏é‰ªøÁúü/homework1/Bank Modified/3d/person.dae", source: file:///C:/Program%20Files/AnyLogic%208.9%20Personal%20Learning%20Edition/plugins/com.anylogic.graphics3d_8.9.0.202404161236/static/init.js (271)
[0810/003751.541:INFO:CONSOLE(3660)] "THREE.ColladaLoader: File version 1.4.0", source: file:///C:/Program%20Files/AnyLogic%208.9%20Personal%20Learning%20Edition/plugins/com.anylogic.graphics3d_8.9.0.202404161236/static/libs/ColladaLoader.js (3660)
[0810/003751.542:INFO:CONSOLE(255)] "Loaded: file:C:/Users/23664/Documents/XiaoMiNet/Upupoo/Docker/config/Êñá‰ª∂Â§π/Â≠¶‰π†ËµÑÊñô/‰Ωú‰∏ö/‰ªøÁúüÂ∞èÂ≠¶Êúü/model/AnylogicFDULIB/3d/atm.dae", source: file:///C:/Program%20Files/AnyLogic%208.9%20Personal%20Learning%20Edition/plugins/com.anylogic.graphics3d_8.9.0.202404161236/static/init.js (255)
[0810/003751.542:INFO:CONSOLE(271)] "load end: file:C:/Users/23664/Documents/XiaoMiNet/Upupoo/Docker/config/Êñá‰ª∂Â§π/Â≠¶‰π†ËµÑÊñô/‰Ωú‰∏ö/‰ªøÁúüÂ∞èÂ≠¶Êúü/model/AnylogicFDULIB/3d/atm.dae", source: file:///C:/Program%20Files/AnyLogic%208.9%20Personal%20Learning%20Edition/plugins/com.anylogic.graphics3d_8.9.0.202404161236/static/init.js (271)
[0810/003751.568:INFO:CONSOLE(3660)] "THREE.ColladaLoader: File version 1.4.0", source: file:///C:/Program%20Files/AnyLogic%208.9%20Personal%20Learning%20Edition/plugins/com.anylogic.graphics3d_8.9.0.202404161236/static/libs/ColladaLoader.js (3660)
[0810/003751.576:INFO:CONSOLE(255)] "Loaded: file:C:/Users/23664/Documents/XiaoMiNet/Upupoo/Docker/config/Êñá‰ª∂Â§π/Â≠¶‰π†ËµÑÊñô/‰Ωú‰∏ö/‰ªøÁúüÂ∞èÂ≠¶Êúü/model/AnylogicFDULIB/3d/table.dae", source: file:///C:/Program%20Files/AnyLogic%208.9%20Personal%20Learning%20Edition/plugins/com.anylogic.graphics3d_8.9.0.202404161236/static/init.js (255)
[0810/003751.576:INFO:CONSOLE(271)] "load end: file:C:/Users/23664/Documents/XiaoMiNet/Upupoo/Docker/config/Êñá‰ª∂Â§π/Â≠¶‰π†ËµÑÊñô/‰Ωú‰∏ö/‰ªøÁúüÂ∞èÂ≠¶Êúü/model/AnylogicFDULIB/3d/table.dae", source: file:///C:/Program%20Files/AnyLogic%208.9%20Personal%20Learning%20Edition/plugins/com.anylogic.graphics3d_8.9.0.202404161236/static/init.js (271)
[0810/003753.111:ERROR:gpu_init.cc(523)] Passthrough is not supported, GL is disabled, ANGLE is 
[0811/145455.907:INFO:CONSOLE(21172)] "THREE.WebGLRenderer 92", source: file:///C:/Program%20Files/AnyLogic%208.9%20Personal%20Learning%20Edition/plugins/com.anylogic.graphics3d_8.9.0.202404161236/static/build/three.js (21172)
[0811/145456.815:INFO:CONSOLE(3660)] "THREE.ColladaLoader: File version 1.4.0", source: file:///C:/Program%20Files/AnyLogic%208.9%20Personal%20Learning%20Edition/plugins/com.anylogic.graphics3d_8.9.0.202404161236/static/libs/ColladaLoader.js (3660)
[0811/145456.818:INFO:CONSOLE(255)] "Loaded: file:C:/Users/23664/Documents/XiaoMiNet/Upupoo/Docker/config/Êñá‰ª∂Â§π/Â≠¶‰π†ËµÑÊñô/‰Ωú‰∏ö/ÁÆ°ÁêÜÂª∫Ê®°‰∏é‰ªøÁúü/homework1/Bank Modified/3d/atm.dae", source: file:///C:/Program%20Files/AnyLogic%208.9%20Personal%20Learning%20Edition/plugins/com.anylogic.graphics3d_8.9.0.202404161236/static/init.js (255)
[0811/145456.818:INFO:CONSOLE(271)] "load end: file:C:/Users/23664/Documents/XiaoMiNet/Upupoo/Docker/config/Êñá‰ª∂Â§π/Â≠¶‰π†ËµÑÊñô/‰Ωú‰∏ö/ÁÆ°ÁêÜÂª∫Ê®°‰∏é‰ªøÁúü/homework1/Bank Modified/3d/atm.dae", source: file:///C:/Program%20Files/AnyLogic%208.9%20Personal%20Learning%20Edition/plugins/com.anylogic.graphics3d_8.9.0.202404161236/static/init.js (271)
[0811/145456.888:INFO:CONSOLE(3660)] "THREE.ColladaLoader: File version 1.4.0", source: file:///C:/Program%20Files/AnyLogic%208.9%20Personal%20Learning%20Edition/plugins/com.anylogic.graphics3d_8.9.0.202404161236/static/libs/ColladaLoader.js (3660)
[0811/145456.897:INFO:CONSOLE(255)] "Loaded: file:C:/Users/23664/Documents/XiaoMiNet/Upupoo/Docker/config/Êñá‰ª∂Â§π/Â≠¶‰π†ËµÑÊñô/‰Ωú‰∏ö/ÁÆ°ÁêÜÂª∫Ê®°‰∏é‰ªøÁúü/homework1/Bank Modified/3d/table.dae", source: file:///C:/Program%20Files/AnyLogic%208.9%20Personal%20Learning%20Edition/plugins/com.anylogic.graphics3d_8.9.0.202404161236/static/init.js (255)
[0811/145456.897:INFO:CONSOLE(271)] "load end: file:C:/Users/23664/Documents/XiaoMiNet/Upupoo/Docker/config/Êñá‰ª∂Â§π/Â≠¶‰π†ËµÑÊñô/‰Ωú‰∏ö/ÁÆ°ÁêÜÂª∫Ê®°‰∏é‰ªøÁúü/homework1/Bank Modified/3d/table.dae", source: file:///C:/Program%20Files/AnyLogic%208.9%20Personal%20Learning%20Edition/plugins/com.anylogic.graphics3d_8.9.0.202404161236/static/init.js (271)
[0811/145456.950:INFO:CONSOLE(3660)] "THREE.ColladaLoader: File version 1.4.0", source: file:///C:/Program%20Files/AnyLogic%208.9%20Personal%20Learning%20Edition/plugins/com.anylogic.graphics3d_8.9.0.202404161236/static/libs/ColladaLoader.js (3660)
[0811/145456.955:INFO:CONSOLE(255)] "Loaded: file:C:/Users/23664/Documents/XiaoMiNet/Upupoo/Docker/config/Êñá‰ª∂Â§π/Â≠¶‰π†ËµÑÊñô/‰Ωú‰∏ö/ÁÆ°ÁêÜÂª∫Ê®°‰∏é‰ªøÁúü/homework1/Bank Modified/3d/person.dae", source: file:///C:/Program%20Files/AnyLogic%208.9%20Personal%20Learning%20Edition/plugins/com.anylogic.graphics3d_8.9.0.202404161236/static/init.js (255)
[0811/145456.956:INFO:CONSOLE(271)] "load end: file:C:/Users/23664/Documents/XiaoMiNet/Upupoo/Docker/config/Êñá‰ª∂Â§π/Â≠¶‰π†ËµÑÊñô/‰Ωú‰∏ö/ÁÆ°ÁêÜÂª∫Ê®°‰∏é‰ªøÁúü/homework1/Bank Modified/3d/person.dae", source: file:///C:/Program%20Files/AnyLogic%208.9%20Personal%20Learning%20Edition/plugins/com.anylogic.graphics3d_8.9.0.202404161236/static/init.js (271)
[0811/145456.983:INFO:CONSOLE(3660)] "THREE.ColladaLoader: File version 1.4.0", source: file:///C:/Program%20Files/AnyLogic%208.9%20Personal%20Learning%20Edition/plugins/com.anylogic.graphics3d_8.9.0.202404161236/static/libs/ColladaLoader.js (3660)
[0811/145456.985:INFO:CONSOLE(255)] "Loaded: file:C:/Users/23664/Documents/XiaoMiNet/Upupoo/Docker/config/Êñá‰ª∂Â§π/Â≠¶‰π†ËµÑÊñô/‰Ωú‰∏ö/ÁÆ°ÁêÜÂª∫Ê®°‰∏é‰ªøÁúü/homework1/Bank Modified/3d/officeworker.dae", source: file:///C:/Program%20Files/AnyLogic%208.9%20Personal%20Learning%20Edition/plugins/com.anylogic.graphics3d_8.9.0.202404161236/static/init.js (255)
[0811/145456.985:INFO:CONSOLE(271)] "load end: file:C:/Users/23664/Documents/XiaoMiNet/Upupoo/Docker/config/Êñá‰ª∂Â§π/Â≠¶‰π†ËµÑÊñô/‰Ωú‰∏ö/ÁÆ°ÁêÜÂª∫Ê®°‰∏é‰ªøÁúü/homework1/Bank Modified/3d/officeworker.dae", source: file:///C:/Program%20Files/AnyLogic%208.9%20Personal%20Learning%20Edition/plugins/com.anylogic.graphics3d_8.9.0.202404161236/static/init.js (271)
[0811/145457.267:INFO:CONSOLE(3660)] "THREE.ColladaLoader: File version 1.4.0", source: file:///C:/Program%20Files/AnyLogic%208.9%20Personal%20Learning%20Edition/plugins/com.anylogic.graphics3d_8.9.0.202404161236/static/libs/ColladaLoader.js (3660)
[0811/145457.268:INFO:CONSOLE(255)] "Loaded: file:C:/Users/23664/Documents/XiaoMiNet/Upupoo/Docker/config/Êñá‰ª∂Â§π/Â≠¶‰π†ËµÑÊñô/‰Ωú‰∏ö/‰ªøÁúüÂ∞èÂ≠¶Êúü/model/AnylogicFDULIB/3d/atm.dae", source: file:///C:/Program%20Files/AnyLogic%208.9%20Personal%20Learning%20Edition/plugins/com.anylogic.graphics3d_8.9.0.202404161236/static/init.js (255)
[0811/145457.268:INFO:CONSOLE(271)] "load end: file:C:/Users/23664/Documents/XiaoMiNet/Upupoo/Docker/config/Êñá‰ª∂Â§π/Â≠¶‰π†ËµÑÊñô/‰Ωú‰∏ö/‰ªøÁúüÂ∞èÂ≠¶Êúü/model/AnylogicFDULIB/3d/atm.dae", source: file:///C:/Program%20Files/AnyLogic%208.9%20Personal%20Learning%20Edition/plugins/com.anylogic.graphics3d_8.9.0.202404161236/static/init.js (271)
[0811/145457.292:INFO:CONSOLE(3660)] "THREE.ColladaLoader: File version 1.4.0", source: file:///C:/Program%20Files/AnyLogic%208.9%20Personal%20Learning%20Edition/plugins/com.anylogic.graphics3d_8.9.0.202404161236/static/libs/ColladaLoader.js (3660)
[0811/145457.299:INFO:CONSOLE(255)] "Loaded: file:C:/Users/23664/Documents/XiaoMiNet/Upupoo/Docker/config/Êñá‰ª∂Â§π/Â≠¶‰π†ËµÑÊñô/‰Ωú‰∏ö/‰ªøÁúüÂ∞èÂ≠¶Êúü/model/AnylogicFDULIB/3d/table.dae", source: file:///C:/Program%20Files/AnyLogic%208.9%20Personal%20Learning%20Edition/plugins/com.anylogic.graphics3d_8.9.0.202404161236/static/init.js (255)
[0811/145457.299:INFO:CONSOLE(271)] "load end: file:C:/Users/23664/Documents/XiaoMiNet/Upupoo/Docker/config/Êñá‰ª∂Â§π/Â≠¶‰π†ËµÑÊñô/‰Ωú‰∏ö/‰ªøÁúüÂ∞èÂ≠¶Êúü/model/AnylogicFDULIB/3d/table.dae", source: file:///C:/Program%20Files/AnyLogic%208.9%20Personal%20Learning%20Edition/plugins/com.anylogic.graphics3d_8.9.0.202404161236/static/init.js (271)
[0811/145655.392:ERROR:gpu_init.cc(523)] Passthrough is not supported, GL is disabled, ANGLE is 
